# JRE version: Java(TM) SE Runtime Environment (8.0_181-b13) (build 1.8.0_181-b13)
# Java VM: Java HotSpot(TM) 64-Bit Server VM (25.181-b13 mixed mode windows-amd64 compressed oops)
Heap:
 PSYoungGen      total 154624K, used 81957K [0x00000000d6f00000, 0x00000000e1b80000, 0x0000000100000000)
  eden space 140800K, 58% used [0x00000000d6f00000,0x00000000dbf09730,0x00000000df880000)
  from space 13824K, 0% used [0x00000000e0800000,0x00000000e0800000,0x00000000e1580000)
  to   space 15872K, 0% used [0x00000000df880000,0x00000000df880000,0x00000000e0800000)
 ParOldGen       total 93184K, used 19359K [0x0000000084c00000, 0x000000008a700000, 0x00000000d6f00000)
  object space 93184K, 20% used [0x0000000084c00000,0x0000000085ee7de8,0x000000008a700000)
 Metaspace       used 40105K, capacity 41808K, committed 41984K, reserved 1085440K
  class space    used 5520K, capacity 5868K, committed 5888K, reserved 1048576K
GC Heap History (10 events):
Event: 1.422 GC heap before
{Heap before GC invocations=6 (full 1):
 PSYoungGen      total 68608K, used 63488K [0x00000000d6f00000, 0x00000000db700000, 0x0000000100000000)
  eden space 63488K, 100% used [0x00000000d6f00000,0x00000000dad00000,0x00000000dad00000)
  from space 5120K, 0% used [0x00000000db200000,0x00000000db200000,0x00000000db700000)
  to   space 5120K, 0% used [0x00000000dad00000,0x00000000dad00000,0x00000000db200000)
 ParOldGen       total 56832K, used 7844K [0x0000000084c00000, 0x0000000088380000, 0x00000000d6f00000)
  object space 56832K, 13% used [0x0000000084c00000,0x00000000853a9370,0x0000000088380000)
 Metaspace       used 22259K, capacity 22960K, committed 23168K, reserved 1069056K
  class space    used 2980K, capacity 3190K, committed 3200K, reserved 1048576K
Event: 1.425 GC heap after
Heap after GC invocations=6 (full 1):
 PSYoungGen      total 68608K, used 3506K [0x00000000d6f00000, 0x00000000de180000, 0x0000000100000000)
  eden space 63488K, 0% used [0x00000000d6f00000,0x00000000d6f00000,0x00000000dad00000)
  from space 5120K, 68% used [0x00000000dad00000,0x00000000db06caa0,0x00000000db200000)
  to   space 9728K, 0% used [0x00000000dd800000,0x00000000dd800000,0x00000000de180000)
 ParOldGen       total 56832K, used 7916K [0x0000000084c00000, 0x0000000088380000, 0x00000000d6f00000)
  object space 56832K, 13% used [0x0000000084c00000,0x00000000853bb380,0x0000000088380000)
 Metaspace       used 22259K, capacity 22960K, committed 23168K, reserved 1069056K
  class space    used 2980K, capacity 3190K, committed 3200K, reserved 1048576K
}
Event: 1.847 GC heap before
{Heap before GC invocations=7 (full 1):
 PSYoungGen      total 68608K, used 66994K [0x00000000d6f00000, 0x00000000de180000, 0x0000000100000000)
  eden space 63488K, 100% used [0x00000000d6f00000,0x00000000dad00000,0x00000000dad00000)
  from space 5120K, 68% used [0x00000000dad00000,0x00000000db06caa0,0x00000000db200000)
  to   space 9728K, 0% used [0x00000000dd800000,0x00000000dd800000,0x00000000de180000)
 ParOldGen       total 56832K, used 7916K [0x0000000084c00000, 0x0000000088380000, 0x00000000d6f00000)
  object space 56832K, 13% used [0x0000000084c00000,0x00000000853bb380,0x0000000088380000)
 Metaspace       used 25911K, capacity 26898K, committed 27136K, reserved 1073152K
  class space    used 3534K, capacity 3793K, committed 3840K, reserved 1048576K
Event: 1.854 GC heap after
Heap after GC invocations=7 (full 1):
 PSYoungGen      total 104448K, used 8189K [0x00000000d6f00000, 0x00000000de080000, 0x0000000100000000)
  eden space 95744K, 0% used [0x00000000d6f00000,0x00000000d6f00000,0x00000000dcc80000)
  from space 8704K, 94% used [0x00000000dd800000,0x00000000ddfff650,0x00000000de080000)
  to   space 10240K, 0% used [0x00000000dcc80000,0x00000000dcc80000,0x00000000dd680000)
 ParOldGen       total 56832K, used 7924K [0x0000000084c00000, 0x0000000088380000, 0x00000000d6f00000)
  object space 56832K, 13% used [0x0000000084c00000,0x00000000853bd380,0x0000000088380000)
 Metaspace       used 25911K, capacity 26898K, committed 27136K, reserved 1073152K
  class space    used 3534K, capacity 3793K, committed 3840K, reserved 1048576K
}
Event: 2.381 GC heap before
{Heap before GC invocations=8 (full 1):
 PSYoungGen      total 104448K, used 103933K [0x00000000d6f00000, 0x00000000de080000, 0x0000000100000000)
  eden space 95744K, 100% used [0x00000000d6f00000,0x00000000dcc80000,0x00000000dcc80000)
  from space 8704K, 94% used [0x00000000dd800000,0x00000000ddfff650,0x00000000de080000)
  to   space 10240K, 0% used [0x00000000dcc80000,0x00000000dcc80000,0x00000000dd680000)
 ParOldGen       total 56832K, used 7924K [0x0000000084c00000, 0x0000000088380000, 0x00000000d6f00000)
  object space 56832K, 13% used [0x0000000084c00000,0x00000000853bd380,0x0000000088380000)
 Metaspace       used 30486K, capacity 32000K, committed 32256K, reserved 1077248K
  class space    used 4170K, capacity 4490K, committed 4608K, reserved 1048576K
Event: 2.391 GC heap after
Heap after GC invocations=8 (full 1):
 PSYoungGen      total 105984K, used 10219K [0x00000000d6f00000, 0x00000000e1580000, 0x0000000100000000)
  eden space 95744K, 0% used [0x00000000d6f00000,0x00000000d6f00000,0x00000000dcc80000)
  from space 10240K, 99% used [0x00000000dcc80000,0x00000000dd67ade0,0x00000000dd680000)
  to   space 13824K, 0% used [0x00000000e0800000,0x00000000e0800000,0x00000000e1580000)
 ParOldGen       total 56832K, used 11899K [0x0000000084c00000, 0x0000000088380000, 0x00000000d6f00000)
  object space 56832K, 20% used [0x0000000084c00000,0x000000008579ed08,0x0000000088380000)
 Metaspace       used 30486K, capacity 32000K, committed 32256K, reserved 1077248K
  class space    used 4170K, capacity 4490K, committed 4608K, reserved 1048576K
}
Event: 2.657 GC heap before
{Heap before GC invocations=9 (full 1):
 PSYoungGen      total 105984K, used 37414K [0x00000000d6f00000, 0x00000000e1580000, 0x0000000100000000)
  eden space 95744K, 28% used [0x00000000d6f00000,0x00000000d898ea60,0x00000000dcc80000)
  from space 10240K, 99% used [0x00000000dcc80000,0x00000000dd67ade0,0x00000000dd680000)
  to   space 13824K, 0% used [0x00000000e0800000,0x00000000e0800000,0x00000000e1580000)
 ParOldGen       total 56832K, used 11899K [0x0000000084c00000, 0x0000000088380000, 0x00000000d6f00000)
  object space 56832K, 20% used [0x0000000084c00000,0x000000008579ed08,0x0000000088380000)
 Metaspace       used 33872K, capacity 35434K, committed 35496K, reserved 1079296K
  class space    used 4531K, capacity 4845K, committed 4864K, reserved 1048576K
Event: 2.666 GC heap after
Heap after GC invocations=9 (full 1):
 PSYoungGen      total 154624K, used 13700K [0x00000000d6f00000, 0x00000000e1b80000, 0x0000000100000000)
  eden space 140800K, 0% used [0x00000000d6f00000,0x00000000d6f00000,0x00000000df880000)
  from space 13824K, 99% used [0x00000000e0800000,0x00000000e15613d8,0x00000000e1580000)
  to   space 15872K, 0% used [0x00000000df880000,0x00000000df880000,0x00000000e0800000)
 ParOldGen       total 56832K, used 11907K [0x0000000084c00000, 0x0000000088380000, 0x00000000d6f00000)
  object space 56832K, 20% used [0x0000000084c00000,0x00000000857a0d08,0x0000000088380000)
 Metaspace       used 33872K, capacity 35434K, committed 35496K, reserved 1079296K
  class space    used 4531K, capacity 4845K, committed 4864K, reserved 1048576K
}
Event: 2.667 GC heap before
{Heap before GC invocations=10 (full 2):
 PSYoungGen      total 154624K, used 13700K [0x00000000d6f00000, 0x00000000e1b80000, 0x0000000100000000)
  eden space 140800K, 0% used [0x00000000d6f00000,0x00000000d6f00000,0x00000000df880000)
  from space 13824K, 99% used [0x00000000e0800000,0x00000000e15613d8,0x00000000e1580000)
  to   space 15872K, 0% used [0x00000000df880000,0x00000000df880000,0x00000000e0800000)
 ParOldGen       total 56832K, used 11907K [0x0000000084c00000, 0x0000000088380000, 0x00000000d6f00000)
  object space 56832K, 20% used [0x0000000084c00000,0x00000000857a0d08,0x0000000088380000)
 Metaspace       used 33872K, capacity 35434K, committed 35496K, reserved 1079296K
  class space    used 4531K, capacity 4845K, committed 4864K, reserved 1048576K
Event: 2.718 GC heap after
Heap after GC invocations=10 (full 2):
 PSYoungGen      total 154624K, used 0K [0x00000000d6f00000, 0x00000000e1b80000, 0x0000000100000000)
  eden space 140800K, 0% used [0x00000000d6f00000,0x00000000d6f00000,0x00000000df880000)
  from space 13824K, 0% used [0x00000000e0800000,0x00000000e0800000,0x00000000e1580000)
  to   space 15872K, 0% used [0x00000000df880000,0x00000000df880000,0x00000000e0800000)
 ParOldGen       total 93184K, used 19359K [0x0000000084c00000, 0x000000008a700000, 0x00000000d6f00000)
  object space 93184K, 20% used [0x0000000084c00000,0x0000000085ee7de8,0x000000008a700000)
 Metaspace       used 33872K, capacity 35434K, committed 35496K, reserved 1079296K
  class space    used 4531K, capacity 4845K, committed 4864K, reserved 1048576K
}

